<?xml version="1.0" encoding="UTF-8"?>
<!-- Generated by org.testng.reporters.JUnitReportReporter -->
<testsuite hostname="ravis-MacBook-Air-2.local" failures="0" tests="1" name="AutomationTests.FirstTestCase" time="3.954" errors="0" timestamp="2021-11-02T11:57:09 GMT-07:00" skipped="0">
  <testcase classname="AutomationTests.FirstTestCase" name="test1" time="3.954"/>
  <system-out/>
</testsuite> <!-- AutomationTests.FirstTestCase -->
