<?xml version="1.0" encoding="UTF-8"?>
<!-- Generated by org.testng.reporters.JUnitReportReporter -->
<testsuite hostname="ravis-MacBook-Air-2.local" failures="0" tests="2" name="AutomationTests.FirstTestCase" time="3.495" errors="0" timestamp="2021-12-12T13:33:56 GMT-08:00" skipped="0">
  <testcase classname="AutomationTests.FirstTestCase" name="test1" time="3.404"/>
  <system-out/>
  <testcase classname="AutomationTests.FirstTestCase" name="test2" time="0.091"/>
  <system-out/>
</testsuite> <!-- AutomationTests.FirstTestCase -->
